# >> BEGIN packages/db/coverage/lcov.info
TN:
SF:src/index.ts
FN:1,example
FNF:1
FNH:1
FNDA:1,example
DA:1,1
DA:2,1
DA:3,1
LF:3
LH:3
BRDA:1,0,0,1
BRF:1
BRH:1
end_of_record
# << END packages/db/coverage/lcov.info
# >> BEGIN packages/rag/coverage/lcov.info
TN:
SF:src/index.ts
FNF:0
FNH:0
DA:1,1
DA:2,1
DA:3,1
DA:4,1
DA:5,1
DA:6,1
DA:7,1
DA:8,1
DA:9,1
DA:10,1
LF:10
LH:10
BRF:0
BRH:0
end_of_record
TN:
SF:src/bin/bench.ts
FN:1,(empty-report)
FNF:1
FNH:0
FNDA:0,(empty-report)
DA:1,0
DA:2,0
DA:3,0
DA:4,0
DA:5,0
DA:6,0
DA:7,0
DA:8,0
DA:9,0
DA:10,0
DA:11,0
DA:12,0
DA:13,0
DA:14,0
DA:15,0
DA:16,0
DA:17,0
DA:18,0
DA:19,0
DA:20,0
DA:21,0
DA:22,0
DA:23,0
DA:24,0
DA:25,0
DA:26,0
DA:27,0
DA:28,0
DA:29,0
DA:30,0
DA:31,0
DA:32,0
DA:33,0
DA:34,0
DA:35,0
DA:36,0
DA:37,0
DA:38,0
DA:39,0
DA:40,0
DA:41,0
DA:42,0
DA:43,0
DA:44,0
DA:45,0
DA:46,0
DA:47,0
DA:48,0
DA:49,0
DA:50,0
DA:51,0
DA:52,0
DA:53,0
DA:54,0
DA:55,0
DA:56,0
DA:57,0
DA:58,0
DA:59,0
DA:60,0
DA:61,0
DA:62,0
DA:63,0
DA:64,0
DA:65,0
DA:66,0
DA:67,0
DA:68,0
DA:69,0
DA:70,0
DA:71,0
DA:72,0
DA:73,0
DA:74,0
DA:75,0
DA:76,0
DA:77,0
DA:78,0
DA:79,0
DA:80,0
DA:81,0
DA:82,0
DA:83,0
DA:84,0
DA:85,0
DA:86,0
DA:87,0
DA:88,0
DA:89,0
DA:90,0
DA:91,0
DA:92,0
DA:93,0
DA:94,0
DA:95,0
DA:96,0
DA:97,0
DA:98,0
DA:99,0
DA:100,0
DA:101,0
DA:102,0
DA:103,0
DA:104,0
DA:105,0
DA:106,0
DA:107,0
DA:108,0
DA:109,0
DA:110,0
DA:111,0
DA:112,0
DA:113,0
DA:114,0
DA:115,0
DA:116,0
DA:117,0
DA:118,0
DA:119,0
DA:120,0
DA:121,0
DA:122,0
DA:123,0
DA:124,0
DA:125,0
DA:126,0
DA:127,0
DA:128,0
DA:129,0
DA:130,0
DA:131,0
DA:132,0
DA:133,0
DA:134,0
DA:135,0
DA:136,0
DA:137,0
DA:138,0
DA:139,0
DA:140,0
DA:141,0
DA:142,0
DA:143,0
DA:144,0
DA:145,0
DA:146,0
DA:147,0
DA:148,0
DA:149,0
DA:150,0
DA:151,0
DA:152,0
DA:153,0
DA:154,0
DA:155,0
DA:156,0
DA:157,0
DA:158,0
DA:159,0
DA:160,0
DA:161,0
DA:162,0
DA:163,0
DA:164,0
DA:165,0
DA:166,0
DA:167,0
LF:167
LH:0
BRDA:1,0,0,0
BRF:1
BRH:0
end_of_record
TN:
SF:src/lib/adaptive.ts
FN:28,adaptiveRetrieve
FN:29,now
FNF:2
FNH:2
FNDA:9,adaptiveRetrieve
FNDA:2,now
DA:1,1
DA:2,1
DA:3,1
DA:4,1
DA:5,1
DA:6,1
DA:7,1
DA:8,1
DA:9,1
DA:10,1
DA:11,1
DA:12,1
DA:13,1
DA:14,1
DA:15,1
DA:16,1
DA:17,1
DA:18,1
DA:19,1
DA:20,1
DA:21,1
DA:22,1
DA:23,1
DA:24,1
DA:25,1
DA:26,1
DA:27,1
DA:28,9
DA:29,9
DA:30,9
DA:31,9
DA:32,9
DA:33,9
DA:34,9
DA:35,9
DA:36,9
DA:37,9
DA:38,9
DA:39,9
DA:40,9
DA:41,9
DA:42,9
DA:43,9
DA:44,9
DA:45,9
DA:46,9
DA:47,9
DA:48,9
DA:49,9
DA:50,9
DA:51,9
DA:52,9
DA:53,9
DA:54,9
DA:55,9
DA:56,9
DA:57,9
DA:58,9
DA:59,4
DA:60,4
DA:61,4
DA:62,4
DA:63,4
DA:64,4
DA:65,4
DA:66,4
DA:67,4
DA:68,4
DA:69,4
DA:70,3
DA:71,3
DA:72,1
DA:73,1
DA:74,1
DA:75,3
DA:76,4
DA:77,9
DA:78,9
DA:79,9
DA:80,9
DA:81,9
DA:82,9
DA:83,9
DA:84,9
DA:85,9
DA:86,9
DA:87,9
DA:88,9
DA:89,9
DA:90,9
DA:91,9
DA:92,9
DA:93,9
LF:93
LH:93
BRDA:28,0,0,9
BRDA:29,1,0,1
BRDA:55,2,0,8
BRDA:55,3,0,6
BRDA:58,4,0,4
BRDA:69,5,0,3
BRDA:71,6,0,1
BRDA:29,7,0,2
BRDA:68,8,0,3
BRF:9
BRH:9
end_of_record
TN:
SF:src/lib/config.ts
FN:6,resolveRetrievalConfig
FNF:1
FNH:1
FNDA:19,resolveRetrievalConfig
DA:1,1
DA:2,1
DA:3,1
DA:4,1
DA:5,1
DA:6,1
DA:7,19
DA:8,19
DA:9,19
DA:10,19
DA:11,19
LF:11
LH:11
BRDA:6,0,0,19
BRDA:9,1,0,3
BRF:2
BRH:2
end_of_record
TN:
SF:src/lib/deadline.ts
FN:18,createDeadlineController
FN:22,clock
FN:26,snapshot
FN:35,softExceeded
FN:38,hardExceeded
FN:41,timeLeftMs
FNF:6
FNH:3
FNDA:3,createDeadlineController
FNDA:0,clock
FNDA:4,snapshot
FNDA:0,softExceeded
FNDA:0,hardExceeded
FNDA:1,timeLeftMs
DA:1,1
DA:2,1
DA:3,1
DA:4,1
DA:5,1
DA:6,1
DA:7,1
DA:8,1
DA:9,1
DA:10,1
DA:11,1
DA:12,1
DA:13,1
DA:14,1
DA:15,1
DA:16,1
DA:17,1
DA:18,1
DA:19,3
DA:20,2
DA:21,2
DA:22,3
DA:23,3
DA:24,3
DA:25,3
DA:26,3
DA:27,4
DA:28,4
DA:29,4
DA:30,4
DA:31,4
DA:32,4
DA:33,4
DA:34,4
DA:35,3
DA:36,0
DA:37,0
DA:38,3
DA:39,0
DA:40,0
DA:41,3
DA:42,1
DA:43,1
DA:44,3
DA:45,3
DA:46,3
DA:47,3
LF:47
LH:43
BRDA:18,0,0,3
BRDA:19,1,0,2
BRDA:19,2,0,2
BRDA:21,3,0,1
BRDA:22,4,0,0
BRDA:26,5,0,4
BRDA:31,6,0,3
BRDA:32,7,0,2
BRDA:41,8,0,1
BRF:9
BRH:8
end_of_record
TN:
SF:src/lib/env.ts
FN:17,isLowLatencyRetrievalEnabled
FNF:1
FNH:1
FNDA:16,isLowLatencyRetrievalEnabled
DA:1,1
DA:2,1
DA:3,1
DA:4,1
DA:5,1
DA:6,1
DA:7,1
DA:8,1
DA:9,1
DA:10,1
DA:11,1
DA:12,1
DA:13,1
DA:14,1
DA:15,1
DA:16,1
DA:17,1
DA:18,16
DA:19,16
DA:20,16
DA:21,14
DA:22,15
DA:23,14
DA:24,1
DA:25,1
DA:26,1
LF:26
LH:26
BRDA:17,0,0,16
BRDA:18,1,0,2
BRDA:20,2,0,15
BRDA:20,3,0,2
BRDA:20,4,0,14
BRDA:22,5,0,7
BRDA:22,6,0,14
BRDA:22,7,0,7
BRDA:23,8,0,6
BRDA:23,9,0,1
BRF:10
BRH:10
end_of_record
TN:
SF:src/lib/errors.ts
FN:7,mapErrorToSchemaError
FN:17,messageOf
FN:23,kindOf
FN:32,isRecord
FN:36,extractFieldPath
FNF:5
FNH:5
FNDA:3,mapErrorToSchemaError
FNDA:6,messageOf
FNDA:3,kindOf
FNDA:7,isRecord
FNDA:3,extractFieldPath
DA:1,1
DA:2,1
DA:3,1
DA:4,1
DA:5,1
DA:6,1
DA:7,1
DA:8,3
DA:9,3
DA:10,3
DA:11,3
DA:12,3
DA:13,3
DA:14,3
DA:15,3
DA:16,1
DA:17,6
DA:18,6
DA:19,6
DA:20,0
DA:21,6
DA:22,1
DA:23,3
DA:24,3
DA:25,3
DA:26,3
DA:27,3
DA:28,3
DA:29,1
DA:30,1
DA:31,1
DA:32,7
DA:33,7
DA:34,7
DA:35,1
DA:36,3
DA:37,3
DA:38,2
DA:39,3
DA:40,3
LF:40
LH:39
BRDA:7,0,0,3
BRDA:17,1,0,6
BRDA:18,2,0,2
BRDA:18,3,0,4
BRDA:19,4,0,4
BRDA:19,5,0,0
BRDA:23,6,0,3
BRDA:26,7,0,2
BRDA:26,8,0,1
BRDA:26,9,0,2
BRDA:26,10,0,1
BRDA:27,11,0,0
BRDA:27,12,0,1
BRDA:28,13,0,0
BRDA:28,14,0,1
BRDA:32,15,0,7
BRDA:33,16,0,6
BRDA:36,17,0,3
BRDA:37,18,0,1
BRDA:37,19,0,2
BRDA:39,20,0,1
BRDA:39,21,0,1
BRF:22
BRH:19
end_of_record
TN:
SF:src/lib/feature-gated.ts
FN:10,createGatedRetrievalOrchestrator
FNF:1
FNH:1
FNDA:3,createGatedRetrievalOrchestrator
DA:1,1
DA:2,1
DA:3,1
DA:4,1
DA:5,1
DA:6,1
DA:7,1
DA:8,1
DA:9,1
DA:10,1
DA:11,3
DA:12,3
DA:13,3
DA:14,3
DA:15,3
DA:16,3
DA:17,3
DA:18,3
DA:19,1
DA:20,1
DA:21,1
DA:22,1
DA:23,2
DA:24,3
DA:25,3
LF:25
LH:25
BRDA:10,0,0,3
BRDA:16,1,0,1
BRDA:17,2,0,3
BRDA:18,3,0,2
BRDA:18,4,0,1
BRDA:22,5,0,2
BRF:6
BRH:6
end_of_record
TN:
SF:src/lib/invalidation-bus.ts
FN:1,(empty-report)
FNF:1
FNH:0
FNDA:0,(empty-report)
DA:1,0
DA:2,0
DA:3,0
DA:4,0
DA:5,0
DA:6,0
DA:7,0
DA:8,0
DA:9,0
DA:10,0
DA:11,0
DA:12,0
DA:13,0
DA:14,0
DA:15,0
DA:16,0
DA:17,0
DA:18,0
DA:19,0
DA:20,0
DA:21,0
DA:22,0
DA:23,0
DA:24,0
DA:25,0
LF:25
LH:0
BRDA:1,0,0,0
BRF:1
BRH:0
end_of_record
TN:
SF:src/lib/lru.ts
FN:14,createLruCache
FN:25,get size
FN:28,get capacity
FN:31,get
FN:43,set
FN:56,has
FN:59,delete
FN:62,clear
FN:65,metrics
FNF:9
FNH:7
FNDA:9,createLruCache
FNDA:1,get size
FNDA:0,get capacity
FNDA:12,get
FNDA:15,set
FNDA:3,has
FNDA:1,delete
FNDA:0,clear
FNDA:1,metrics
DA:1,1
DA:2,1
DA:3,1
DA:4,1
DA:5,1
DA:6,1
DA:7,1
DA:8,1
DA:9,1
DA:10,1
DA:11,1
DA:12,1
DA:13,1
DA:14,1
DA:15,9
DA:16,0
DA:17,0
DA:18,9
DA:19,9
DA:20,9
DA:21,9
DA:22,9
DA:23,9
DA:24,9
DA:25,9
DA:26,1
DA:27,1
DA:28,9
DA:29,0
DA:30,0
DA:31,9
DA:32,12
DA:33,5
DA:34,5
DA:35,5
DA:36,7
DA:37,7
DA:38,7
DA:39,7
DA:40,7
DA:41,7
DA:42,12
DA:43,9
DA:44,15
DA:45,0
DA:46,0
DA:47,15
DA:48,15
DA:49,15
DA:50,3
DA:51,3
DA:52,3
DA:53,3
DA:54,3
DA:55,15
DA:56,9
DA:57,3
DA:58,3
DA:59,9
DA:60,1
DA:61,1
DA:62,9
DA:63,0
DA:64,0
DA:65,9
DA:66,1
DA:67,1
DA:68,9
DA:69,9
DA:70,9
DA:71,9
LF:71
LH:63
BRDA:14,0,0,9
BRDA:15,1,0,0
BRDA:25,2,0,1
BRDA:31,3,0,12
BRDA:32,4,0,5
BRDA:35,5,0,7
BRDA:43,6,0,15
BRDA:44,7,0,0
BRDA:49,8,0,3
BRDA:51,9,0,0
BRDA:56,10,0,3
BRDA:59,11,0,1
BRDA:65,12,0,1
BRF:13
BRH:10
end_of_record
TN:
SF:src/lib/metrics.ts
FN:40,incCounter
FN:44,observe
FN:58,getRetrievalMetricsSnapshot
FN:65,resetMetrics
FN:75,makeHistogram
FN:79,quantiles
FN:87,q
FNF:7
FNH:7
FNDA:24,incCounter
FNDA:32,observe
FNDA:3,getRetrievalMetricsSnapshot
FNDA:4,resetMetrics
FNDA:20,makeHistogram
FNDA:12,quantiles
FNDA:20,q
DA:1,1
DA:2,1
DA:3,1
DA:4,1
DA:5,1
DA:6,1
DA:7,1
DA:8,1
DA:9,1
DA:10,1
DA:11,1
DA:12,1
DA:13,1
DA:14,1
DA:15,1
DA:16,1
DA:17,1
DA:18,1
DA:19,1
DA:20,1
DA:21,1
DA:22,1
DA:23,1
DA:24,1
DA:25,1
DA:26,1
DA:27,1
DA:28,1
DA:29,1
DA:30,1
DA:31,1
DA:32,1
DA:33,1
DA:34,1
DA:35,1
DA:36,1
DA:37,1
DA:38,1
DA:39,1
DA:40,1
DA:41,24
DA:42,24
DA:43,1
DA:44,1
DA:45,32
DA:46,32
DA:47,32
DA:48,32
DA:49,32
DA:50,32
DA:51,32
DA:52,1
DA:53,1
DA:54,1
DA:55,1
DA:56,1
DA:57,1
DA:58,1
DA:59,3
DA:60,3
DA:61,3
DA:62,3
DA:63,3
DA:64,1
DA:65,1
DA:66,4
DA:67,4
DA:68,16
DA:69,16
DA:70,16
DA:71,16
DA:72,16
DA:73,4
DA:74,1
DA:75,20
DA:76,20
DA:77,20
DA:78,1
DA:79,12
DA:80,12
DA:81,10
DA:82,10
DA:83,12
DA:84,110
DA:85,110
DA:86,110
DA:87,10
DA:88,20
DA:89,20
DA:90,20
DA:91,20
DA:92,20
DA:93,20
DA:94,10
DA:95,10
LF:95
LH:95
BRDA:40,0,0,24
BRDA:44,1,0,32
BRDA:49,2,0,0
BRDA:50,3,0,0
BRDA:48,4,0,80
BRDA:58,5,0,3
BRDA:60,6,0,12
BRDA:65,7,0,4
BRDA:66,8,0,20
BRDA:67,9,0,16
BRDA:75,10,0,20
BRDA:79,11,0,12
BRDA:80,12,0,2
BRDA:80,13,0,10
BRDA:83,14,0,110
BRDA:86,15,0,10
BRDA:87,16,0,20
BRDA:90,17,0,0
BRDA:92,18,0,0
BRDA:89,19,0,52
BRF:20
BRH:16
end_of_record
TN:
SF:src/lib/orchestrator.ts
FN:21,createRetrievalOrchestrator
FN:25,now
FN:136,uniqueEntityIds
FN:142,stableSignature
FN:152,inferEntityIdFromCache
FNF:5
FNH:5
FNDA:10,createRetrievalOrchestrator
FNDA:16,now
FNDA:7,uniqueEntityIds
FNDA:9,stableSignature
FNDA:2,inferEntityIdFromCache
DA:1,1
DA:2,1
DA:3,1
DA:4,1
DA:5,1
DA:6,1
DA:7,1
DA:8,1
DA:9,1
DA:10,1
DA:11,1
DA:12,1
DA:13,1
DA:14,1
DA:15,1
DA:16,1
DA:17,1
DA:18,1
DA:19,1
DA:20,1
DA:21,1
DA:22,10
DA:23,10
DA:24,10
DA:25,10
DA:26,10
DA:27,10
DA:28,10
DA:29,9
DA:30,9
DA:31,9
DA:32,9
DA:33,9
DA:34,9
DA:35,9
DA:36,9
DA:37,9
DA:38,9
DA:39,9
DA:40,9
DA:41,9
DA:42,9
DA:43,9
DA:44,9
DA:45,2
DA:46,2
DA:47,2
DA:48,2
DA:49,2
DA:50,2
DA:51,2
DA:52,2
DA:53,2
DA:54,2
DA:55,2
DA:56,2
DA:57,2
DA:58,2
DA:59,2
DA:60,2
DA:61,2
DA:62,2
DA:63,2
DA:64,2
DA:65,2
DA:66,2
DA:67,2
DA:68,7
DA:69,7
DA:70,7
DA:71,7
DA:72,7
DA:73,7
DA:74,7
DA:75,7
DA:76,7
DA:77,7
DA:78,7
DA:79,7
DA:80,7
DA:81,7
DA:82,7
DA:83,7
DA:84,7
DA:85,7
DA:86,7
DA:87,7
DA:88,7
DA:89,9
DA:90,7
DA:91,7
DA:92,7
DA:93,7
DA:94,7
DA:95,7
DA:96,8
DA:97,9
DA:98,7
DA:99,7
DA:100,7
DA:101,7
DA:102,7
DA:103,7
DA:104,7
DA:105,7
DA:106,7
DA:107,9
DA:108,9
DA:109,9
DA:110,9
DA:111,9
DA:112,10
DA:113,10
DA:114,10
DA:115,10
DA:116,9
DA:117,9
DA:118,9
DA:119,9
DA:120,9
DA:121,9
DA:122,9
DA:123,9
DA:124,9
DA:125,9
DA:126,9
DA:127,9
DA:128,9
DA:129,9
DA:130,9
DA:131,9
DA:132,9
DA:133,9
DA:134,10
DA:135,1
DA:136,7
DA:137,7
DA:138,7
DA:139,7
DA:140,7
DA:141,1
DA:142,9
DA:143,9
DA:144,9
DA:145,9
DA:146,9
DA:147,9
DA:148,9
DA:149,9
DA:150,9
DA:151,1
DA:152,2
DA:153,2
DA:154,2
DA:155,2
DA:156,2
DA:157,2
LF:157
LH:157
BRDA:21,0,0,10
BRDA:25,1,0,3
BRDA:25,2,0,16
BRDA:28,3,0,9
BRDA:31,4,0,6
BRDA:35,5,0,7
BRDA:41,6,0,4
BRDA:44,7,0,8
BRDA:44,8,0,2
BRDA:67,9,0,7
BRDA:89,10,0,3
BRDA:89,11,0,8
BRDA:89,12,0,7
BRDA:96,13,0,3
BRDA:97,14,0,8
BRDA:97,15,0,3
BRDA:97,16,0,7
BRDA:107,17,0,2
BRDA:118,18,0,3
BRDA:118,19,0,4
BRDA:46,20,0,2
BRDA:49,21,0,0
BRDA:101,22,0,10
BRDA:102,23,0,10
BRDA:111,24,0,10
BRDA:136,25,0,7
BRDA:138,26,0,10
BRDA:142,27,0,9
BRDA:152,28,0,2
BRDA:156,29,0,0
BRF:30
BRH:28
end_of_record
TN:
SF:src/lib/postprocess.ts
FN:25,postProcess
FN:61,pickWithDiversity
FNF:2
FNH:2
FNDA:20,postProcess
FNDA:20,pickWithDiversity
DA:1,1
DA:2,1
DA:3,1
DA:4,1
DA:5,1
DA:6,1
DA:7,1
DA:8,1
DA:9,1
DA:10,1
DA:11,1
DA:12,1
DA:13,1
DA:14,1
DA:15,1
DA:16,1
DA:17,1
DA:18,1
DA:19,1
DA:20,1
DA:21,1
DA:22,1
DA:23,1
DA:24,1
DA:25,1
DA:26,20
DA:27,20
DA:28,20
DA:29,20
DA:30,20
DA:31,20
DA:32,20
DA:33,20
DA:34,20
DA:35,20
DA:36,20
DA:37,0
DA:38,20
DA:39,20
DA:40,20
DA:41,20
DA:42,20
DA:43,20
DA:44,20
DA:45,32
DA:46,32
DA:47,32
DA:48,32
DA:49,20
DA:50,20
DA:51,20
DA:52,20
DA:53,20
DA:54,20
DA:55,20
DA:56,20
DA:57,20
DA:58,1
DA:59,1
DA:60,1
DA:61,20
DA:62,20
DA:63,20
DA:64,20
DA:65,20
DA:66,20
DA:67,16
DA:68,16
DA:69,16
DA:70,16
DA:71,16
DA:72,16
DA:73,29
DA:74,29
DA:75,22
DA:76,22
DA:77,22
DA:78,22
DA:79,22
DA:80,29
DA:81,16
DA:82,16
DA:83,16
DA:84,13
DA:85,28
DA:86,28
DA:87,10
DA:88,10
DA:89,10
DA:90,28
DA:91,13
DA:92,16
DA:93,16
DA:94,16
LF:94
LH:93
BRDA:25,0,0,20
BRDA:30,1,0,1
BRDA:30,2,0,19
BRDA:36,3,0,0
BRDA:44,4,0,32
BRDA:48,5,0,22
BRDA:48,6,0,10
BRDA:61,7,0,20
BRDA:66,8,0,4
BRDA:66,9,0,16
BRDA:72,10,0,29
BRDA:73,11,0,0
BRDA:74,12,0,22
BRDA:78,13,0,12
BRDA:83,14,0,13
BRDA:84,15,0,28
BRDA:85,16,0,0
BRDA:86,17,0,10
BRF:18
BRH:15
end_of_record
TN:
SF:src/lib/query-result-cache.ts
FN:24,createQueryResultCache
FN:30,get
FN:33,set
FN:42,invalidateByEntity
FN:50,clear
FN:54,size
FN:57,capacity
FN:60,metrics
FN:68,makeQueryKey
FNF:9
FNH:6
FNDA:7,createQueryResultCache
FNDA:9,get
FNDA:10,set
FNDA:1,invalidateByEntity
FNDA:0,clear
FNDA:1,size
FNDA:0,capacity
FNDA:0,metrics
FNDA:17,makeQueryKey
DA:1,1
DA:2,1
DA:3,1
DA:4,1
DA:5,1
DA:6,1
DA:7,1
DA:8,1
DA:9,1
DA:10,1
DA:11,1
DA:12,1
DA:13,1
DA:14,1
DA:15,1
DA:16,1
DA:17,1
DA:18,1
DA:19,1
DA:20,1
DA:21,1
DA:22,1
DA:23,1
DA:24,1
DA:25,7
DA:26,7
DA:27,7
DA:28,7
DA:29,7
DA:30,7
DA:31,9
DA:32,9
DA:33,7
DA:34,10
DA:35,10
DA:36,10
DA:37,12
DA:38,12
DA:39,12
DA:40,12
DA:41,10
DA:42,7
DA:43,1
DA:44,1
DA:45,1
DA:46,1
DA:47,1
DA:48,1
DA:49,1
DA:50,7
DA:51,0
DA:52,0
DA:53,0
DA:54,7
DA:55,1
DA:56,1
DA:57,7
DA:58,0
DA:59,0
DA:60,7
DA:61,0
DA:62,0
DA:63,7
DA:64,7
DA:65,7
DA:66,7
DA:67,1
DA:68,1
DA:69,17
DA:70,17
LF:70
LH:63
BRDA:24,0,0,7
BRDA:30,1,0,9
BRDA:33,2,0,10
BRDA:36,3,0,12
BRDA:42,4,0,1
BRDA:44,5,0,0
BRDA:54,6,0,1
BRDA:68,7,0,17
BRF:8
BRH:7
end_of_record
TN:
SF:src/lib/retriever.ts
FN:35,createPgVectorRetriever
FN:39,retrieve
FN:57,clamp01
FNF:3
FNH:3
FNDA:2,createPgVectorRetriever
FNDA:2,retrieve
FNDA:2,clamp01
DA:1,1
DA:2,1
DA:3,1
DA:4,1
DA:5,1
DA:6,1
DA:7,1
DA:8,1
DA:9,1
DA:10,1
DA:11,1
DA:12,1
DA:13,1
DA:14,1
DA:15,1
DA:16,1
DA:17,1
DA:18,1
DA:19,1
DA:20,1
DA:21,1
DA:22,1
DA:23,1
DA:24,1
DA:25,1
DA:26,1
DA:27,1
DA:28,1
DA:29,1
DA:30,1
DA:31,1
DA:32,1
DA:33,1
DA:34,1
DA:35,1
DA:36,2
DA:37,2
DA:38,2
DA:39,2
DA:40,2
DA:41,2
DA:42,2
DA:43,2
DA:44,2
DA:45,2
DA:46,2
DA:47,2
DA:48,2
DA:49,2
DA:50,2
DA:51,2
DA:52,2
DA:53,2
DA:54,2
DA:55,2
DA:56,1
DA:57,2
DA:58,2
DA:59,2
DA:60,2
LF:60
LH:60
BRDA:35,0,0,2
BRDA:39,1,0,2
BRDA:45,2,0,2
BRDA:57,3,0,2
BRDA:58,4,0,0
BRDA:59,5,0,0
BRDA:59,6,0,1
BRDA:59,7,0,1
BRF:8
BRH:6
end_of_record
TN:
SF:src/lib/scoring.ts
FN:27,computeRecencyWeight
FN:38,scoreCandidates
FN:60,deterministicSort
FN:70,scoreAndSort
FNF:4
FNH:4
FNDA:36,computeRecencyWeight
FNDA:21,scoreCandidates
FNDA:25,deterministicSort
FNDA:21,scoreAndSort
DA:1,1
DA:2,1
DA:3,1
DA:4,1
DA:5,1
DA:6,1
DA:7,1
DA:8,1
DA:9,1
DA:10,1
DA:11,1
DA:12,1
DA:13,1
DA:14,1
DA:15,1
DA:16,1
DA:17,1
DA:18,1
DA:19,1
DA:20,1
DA:21,1
DA:22,1
DA:23,1
DA:24,1
DA:25,1
DA:26,1
DA:27,1
DA:28,36
DA:29,36
DA:30,36
DA:31,36
DA:32,36
DA:33,36
DA:34,36
DA:35,36
DA:36,36
DA:37,1
DA:38,1
DA:39,21
DA:40,21
DA:41,21
DA:42,21
DA:43,21
DA:44,21
DA:45,35
DA:46,35
DA:47,35
DA:48,35
DA:49,35
DA:50,35
DA:51,35
DA:52,35
DA:53,35
DA:54,35
DA:55,35
DA:56,35
DA:57,21
DA:58,21
DA:59,1
DA:60,1
DA:61,25
DA:62,25
DA:63,0
DA:64,0
DA:65,0
DA:66,0
DA:67,25
DA:68,25
DA:69,1
DA:70,1
DA:71,21
DA:72,21
DA:73,21
DA:74,21
DA:75,21
LF:75
LH:71
BRDA:27,0,0,36
BRDA:30,1,0,0
BRDA:35,2,0,0
BRDA:35,3,0,0
BRDA:38,4,0,21
BRDA:42,5,0,1
BRDA:42,6,0,20
BRDA:44,7,0,35
BRDA:46,8,0,0
BRDA:60,9,0,25
BRDA:62,10,0,6
BRDA:62,11,0,19
BRDA:62,12,0,0
BRDA:67,13,0,0
BRDA:70,14,0,21
BRF:15
BRH:9
end_of_record
# << END packages/rag/coverage/lcov.info
# >> BEGIN packages/schemas/coverage/lcov.info
TN:
SF:src/canon-content.schema.ts
FNF:0
FNH:0
DA:1,1
DA:2,1
DA:3,1
DA:4,1
DA:5,1
DA:6,1
DA:7,1
DA:8,1
DA:9,1
DA:10,1
DA:11,1
DA:12,1
DA:13,1
DA:14,1
DA:15,1
DA:16,1
DA:17,1
DA:18,1
DA:19,1
DA:20,1
DA:21,1
DA:22,1
DA:23,1
DA:24,1
DA:25,1
DA:26,1
DA:27,1
DA:28,1
DA:29,1
DA:30,1
DA:31,1
DA:32,1
DA:33,1
LF:33
LH:33
BRF:0
BRH:0
end_of_record
TN:
SF:src/client.ts
FNF:0
FNH:0
DA:1,1
DA:2,1
DA:3,1
DA:4,1
LF:4
LH:4
BRF:0
BRH:0
end_of_record
TN:
SF:src/index.ts
FNF:0
FNH:0
DA:1,1
DA:2,1
DA:3,1
DA:4,1
DA:5,1
DA:6,1
DA:7,1
DA:8,1
DA:9,1
DA:10,1
DA:11,1
DA:12,1
DA:13,1
DA:14,1
DA:15,1
DA:16,1
DA:17,1
DA:18,1
DA:19,1
DA:20,1
DA:21,1
DA:22,1
DA:23,1
DA:24,1
DA:25,1
DA:26,1
DA:27,1
DA:28,1
DA:29,1
DA:30,1
DA:31,1
DA:32,1
DA:33,1
DA:34,1
DA:35,1
DA:36,1
DA:37,1
DA:38,1
DA:39,1
DA:40,1
DA:41,1
LF:41
LH:41
BRF:0
BRH:0
end_of_record
TN:
SF:src/server.ts
FNF:0
FNH:0
DA:1,1
DA:2,1
DA:3,1
DA:4,1
LF:4
LH:4
BRF:0
BRH:0
end_of_record
TN:
SF:src/api/chat.ts
FNF:0
FNH:0
DA:1,1
DA:2,1
DA:3,1
DA:4,1
DA:5,1
DA:6,1
DA:7,1
DA:8,1
DA:9,1
DA:10,1
DA:11,1
DA:12,1
DA:13,1
DA:14,1
DA:15,1
DA:16,1
DA:17,1
DA:18,1
DA:19,1
DA:20,1
LF:20
LH:20
BRF:0
BRH:0
end_of_record
TN:
SF:src/api/memory.ts
FNF:0
FNH:0
DA:1,1
DA:2,1
DA:3,1
DA:4,1
DA:5,1
DA:6,1
DA:7,1
DA:8,1
DA:9,1
LF:9
LH:9
BRF:0
BRH:0
end_of_record
TN:
SF:src/api/scene.ts
FNF:0
FNH:0
DA:1,1
DA:2,1
DA:3,1
DA:4,1
DA:5,1
DA:6,1
DA:7,1
DA:8,1
DA:9,1
LF:9
LH:9
BRF:0
BRH:0
end_of_record
TN:
SF:src/base/attribute.ts
FNF:0
FNH:0
DA:1,1
DA:2,1
DA:3,1
DA:4,1
DA:5,1
DA:6,1
DA:7,1
DA:8,1
DA:9,1
DA:10,1
DA:11,1
DA:12,1
DA:13,1
DA:14,1
DA:15,1
DA:16,1
DA:17,1
DA:18,1
DA:19,1
DA:20,1
DA:21,1
DA:22,1
DA:23,1
DA:24,1
DA:25,1
LF:25
LH:25
BRF:0
BRH:0
end_of_record
TN:
SF:src/base/enums.ts
FNF:0
FNH:0
DA:1,1
DA:2,1
DA:3,1
DA:4,1
DA:5,1
DA:6,1
DA:7,1
DA:8,1
DA:9,1
DA:10,1
DA:11,1
DA:12,1
DA:13,1
DA:14,1
DA:15,1
DA:16,1
DA:17,1
DA:18,1
DA:19,1
DA:20,1
DA:21,1
DA:22,1
DA:23,1
DA:24,1
DA:25,1
DA:26,1
DA:27,1
DA:28,1
DA:29,1
DA:30,1
DA:31,1
DA:32,1
DA:33,1
DA:34,1
DA:35,1
DA:36,1
DA:37,1
DA:38,1
DA:39,1
DA:40,1
DA:41,1
DA:42,1
DA:43,1
DA:44,1
DA:45,1
DA:46,1
DA:47,1
DA:48,1
DA:49,1
DA:50,1
DA:51,1
DA:52,1
DA:53,1
DA:54,1
DA:55,1
DA:56,1
DA:57,1
DA:58,1
DA:59,1
DA:60,1
DA:61,1
DA:62,1
DA:63,1
DA:64,1
DA:65,1
DA:66,1
DA:67,1
DA:68,1
DA:69,1
DA:70,1
DA:71,1
DA:72,1
DA:73,1
DA:74,1
DA:75,1
DA:76,1
DA:77,1
DA:78,1
DA:79,1
DA:80,1
DA:81,1
DA:82,1
DA:83,1
DA:84,1
DA:85,1
DA:86,1
DA:87,1
DA:88,1
DA:89,1
DA:90,1
DA:91,1
DA:92,1
DA:93,1
DA:94,1
DA:95,1
DA:96,1
DA:97,1
DA:98,1
DA:99,1
LF:99
LH:99
BRF:0
BRH:0
end_of_record
TN:
SF:src/base/primitives.ts
FN:9,isUlid
FNF:1
FNH:0
FNDA:0,isUlid
DA:1,1
DA:2,1
DA:3,1
DA:4,1
DA:5,1
DA:6,1
DA:7,1
DA:8,1
DA:9,1
DA:10,1
DA:11,1
DA:12,1
DA:13,1
DA:14,1
DA:15,1
DA:16,1
DA:17,1
DA:18,1
DA:19,1
DA:20,1
DA:21,1
DA:22,1
DA:23,1
DA:24,1
DA:25,1
DA:26,1
DA:27,1
DA:28,1
DA:29,1
DA:30,1
DA:31,1
DA:32,1
DA:33,1
DA:34,1
DA:35,1
LF:35
LH:35
BRF:0
BRH:0
end_of_record
TN:
SF:src/entity/canonical/base-canonical.ts
FNF:0
FNH:0
DA:1,1
DA:2,1
DA:3,1
DA:4,1
DA:5,1
DA:6,1
DA:7,1
DA:8,1
DA:9,1
DA:10,1
DA:11,1
DA:12,1
DA:13,1
DA:14,1
DA:15,1
DA:16,1
DA:17,1
DA:18,1
DA:19,1
DA:20,1
DA:21,1
DA:22,1
DA:23,1
DA:24,1
DA:25,1
DA:26,1
DA:27,1
DA:28,1
DA:29,1
LF:29
LH:29
BRF:0
BRH:0
end_of_record
TN:
SF:src/entity/canonical/character.ts
FNF:0
FNH:0
DA:1,1
DA:2,1
DA:3,1
DA:4,1
DA:5,1
DA:6,1
DA:7,1
DA:8,1
DA:9,1
DA:10,1
LF:10
LH:10
BRF:0
BRH:0
end_of_record
TN:
SF:src/entity/canonical/index.ts
FNF:0
FNH:0
DA:1,1
DA:2,1
DA:3,1
DA:4,1
DA:5,1
DA:6,1
DA:7,1
DA:8,1
DA:9,1
DA:10,1
DA:11,1
DA:12,1
DA:13,1
DA:14,1
DA:15,1
DA:16,1
DA:17,1
DA:18,1
LF:18
LH:18
BRF:0
BRH:0
end_of_record
TN:
SF:src/entity/canonical/item.ts
FNF:0
FNH:0
DA:1,1
DA:2,1
DA:3,1
DA:4,1
DA:5,1
DA:6,1
DA:7,1
DA:8,1
DA:9,1
DA:10,1
DA:11,1
LF:11
LH:11
BRF:0
BRH:0
end_of_record
TN:
SF:src/entity/canonical/location.ts
FNF:0
FNH:0
DA:1,1
DA:2,1
DA:3,1
DA:4,1
DA:5,1
DA:6,1
DA:7,1
DA:8,1
DA:9,1
DA:10,1
DA:11,1
LF:11
LH:11
BRF:0
BRH:0
end_of_record
TN:
SF:src/entity/canonical/migrations.ts
FN:8,migrateCanonicalV1ToLatest
FNF:1
FNH:1
FNDA:1,migrateCanonicalV1ToLatest
DA:1,1
DA:2,1
DA:3,1
DA:4,1
DA:5,1
DA:6,1
DA:7,1
DA:8,1
DA:9,1
DA:10,1
DA:11,1
DA:12,1
DA:13,1
LF:13
LH:13
BRDA:8,0,0,1
BRF:1
BRH:1
end_of_record
TN:
SF:src/entity/canonical/prompt-template.ts
FNF:0
FNH:0
DA:1,1
DA:2,1
DA:3,1
DA:4,1
DA:5,1
DA:6,1
DA:7,1
DA:8,1
DA:9,1
DA:10,1
DA:11,1
LF:11
LH:11
BRF:0
BRH:0
end_of_record
TN:
SF:src/entity/canonical/relationship-type.ts
FNF:0
FNH:0
DA:1,1
DA:2,1
DA:3,1
DA:4,1
DA:5,1
DA:6,1
DA:7,1
DA:8,1
DA:9,1
DA:10,1
DA:11,1
DA:12,1
DA:13,1
DA:14,1
DA:15,1
DA:16,1
LF:16
LH:16
BRF:0
BRH:0
end_of_record
TN:
SF:src/entity/instance/base-instance.ts
FNF:0
FNH:0
DA:1,1
DA:2,1
DA:3,1
DA:4,1
DA:5,1
DA:6,1
DA:7,1
DA:8,1
DA:9,1
DA:10,1
DA:11,1
DA:12,1
DA:13,1
DA:14,1
DA:15,1
DA:16,1
DA:17,1
DA:18,1
DA:19,1
DA:20,1
DA:21,1
DA:22,1
DA:23,1
DA:24,1
DA:25,1
DA:26,1
DA:27,1
DA:28,1
DA:29,1
DA:30,1
DA:31,1
DA:32,1
DA:33,1
DA:34,1
DA:35,1
DA:36,1
DA:37,1
DA:38,1
DA:39,1
DA:40,1
DA:41,1
DA:42,1
DA:43,1
DA:44,1
DA:45,1
DA:46,1
DA:47,1
DA:48,1
LF:48
LH:48
BRF:0
BRH:0
end_of_record
TN:
SF:src/entity/instance/character-instance.ts
FNF:0
FNH:0
DA:1,1
DA:2,1
DA:3,1
DA:4,1
DA:5,1
DA:6,1
DA:7,1
DA:8,1
DA:9,1
DA:10,1
DA:11,1
LF:11
LH:11
BRF:0
BRH:0
end_of_record
TN:
SF:src/entity/instance/episode.ts
FNF:0
FNH:0
DA:1,1
DA:2,1
DA:3,1
DA:4,1
DA:5,1
DA:6,1
DA:7,1
DA:8,1
DA:9,1
DA:10,1
DA:11,1
DA:12,1
DA:13,1
DA:14,1
DA:15,1
DA:16,1
LF:16
LH:16
BRF:0
BRH:0
end_of_record
TN:
SF:src/entity/instance/index.ts
FNF:0
FNH:0
DA:1,1
DA:2,1
DA:3,1
DA:4,1
DA:5,1
DA:6,1
DA:7,1
DA:8,1
DA:9,1
DA:10,1
DA:11,1
DA:12,1
DA:13,1
DA:14,1
DA:15,1
DA:16,1
DA:17,1
DA:18,1
DA:19,1
LF:19
LH:19
BRF:0
BRH:0
end_of_record
TN:
SF:src/entity/instance/item-instance.ts
FNF:0
FNH:0
DA:1,1
DA:2,1
DA:3,1
DA:4,1
DA:5,1
DA:6,1
DA:7,1
DA:8,1
DA:9,1
DA:10,1
DA:11,1
LF:11
LH:11
BRF:0
BRH:0
end_of_record
TN:
SF:src/entity/instance/memory.ts
FNF:0
FNH:0
DA:1,1
DA:2,1
DA:3,1
DA:4,1
DA:5,1
DA:6,1
DA:7,1
DA:8,1
DA:9,1
DA:10,1
DA:11,1
DA:12,1
DA:13,1
DA:14,1
DA:15,1
LF:15
LH:15
BRF:0
BRH:0
end_of_record
TN:
SF:src/entity/instance/relationship.ts
FNF:0
FNH:0
DA:1,1
DA:2,1
DA:3,1
DA:4,1
DA:5,1
DA:6,1
DA:7,1
DA:8,1
DA:9,1
DA:10,1
DA:11,1
DA:12,1
DA:13,1
DA:14,1
DA:15,1
DA:16,1
DA:17,1
DA:18,1
DA:19,1
DA:20,1
DA:21,1
DA:22,1
DA:23,1
DA:24,1
DA:25,1
DA:26,1
LF:26
LH:26
BRF:0
BRH:0
end_of_record
TN:
SF:src/entity/instance/scene.ts
FNF:0
FNH:0
DA:1,1
DA:2,1
DA:3,1
DA:4,1
DA:5,1
DA:6,1
DA:7,1
DA:8,1
DA:9,1
DA:10,1
DA:11,1
DA:12,1
DA:13,1
DA:14,1
DA:15,1
DA:16,1
DA:17,1
LF:17
LH:17
BRF:0
BRH:0
end_of_record
TN:
SF:src/factories/index.ts
FN:9,nextUlid
FN:16,makeCharacterCanonical
FN:32,makeCharacterInstance
FN:46,makeSceneInstance
FN:61,validateUlid
FNF:5
FNH:5
FNDA:10,nextUlid
FNDA:1,makeCharacterCanonical
FNDA:1,makeCharacterInstance
FNDA:1,makeSceneInstance
FNDA:3,validateUlid
DA:1,1
DA:2,1
DA:3,1
DA:4,1
DA:5,1
DA:6,1
DA:7,1
DA:8,1
DA:9,1
DA:10,10
DA:11,10
DA:12,10
DA:13,10
DA:14,10
DA:15,1
DA:16,1
DA:17,1
DA:18,1
DA:19,1
DA:20,1
DA:21,1
DA:22,1
DA:23,1
DA:24,1
DA:25,1
DA:26,1
DA:27,1
DA:28,1
DA:29,1
DA:30,1
DA:31,1
DA:32,1
DA:33,1
DA:34,1
DA:35,1
DA:36,1
DA:37,1
DA:38,1
DA:39,1
DA:40,1
DA:41,1
DA:42,1
DA:43,1
DA:44,1
DA:45,1
DA:46,1
DA:47,1
DA:48,1
DA:49,1
DA:50,1
DA:51,1
DA:52,1
DA:53,1
DA:54,1
DA:55,1
DA:56,1
DA:57,1
DA:58,1
DA:59,1
DA:60,1
DA:61,1
DA:62,3
DA:63,3
LF:63
LH:63
BRDA:9,0,0,10
BRDA:16,1,0,1
BRDA:32,2,0,1
BRDA:46,3,0,1
BRDA:61,4,0,3
BRF:5
BRH:5
end_of_record
TN:
SF:src/llm/create-scene.ts
FNF:0
FNH:0
DA:1,1
DA:2,1
DA:3,1
DA:4,1
DA:5,1
DA:6,1
DA:7,1
DA:8,1
DA:9,1
DA:10,1
DA:11,1
DA:12,1
DA:13,1
DA:14,1
DA:15,1
DA:16,1
DA:17,1
LF:17
LH:17
BRF:0
BRH:0
end_of_record
TN:
SF:src/llm/propose-change.ts
FNF:0
FNH:0
DA:1,1
DA:2,1
DA:3,1
DA:4,1
DA:5,1
DA:6,1
DA:7,1
DA:8,1
DA:9,1
DA:10,1
DA:11,1
DA:12,1
DA:13,1
DA:14,1
DA:15,1
DA:16,1
DA:17,1
DA:18,1
DA:19,1
DA:20,1
DA:21,1
DA:22,1
DA:23,1
DA:24,1
DA:25,1
DA:26,1
DA:27,1
DA:28,1
DA:29,1
LF:29
LH:29
BRF:0
BRH:0
end_of_record
TN:
SF:src/llm/retrieve-context.ts
FNF:0
FNH:0
DA:1,1
DA:2,1
DA:3,1
DA:4,1
DA:5,1
DA:6,1
DA:7,1
DA:8,1
DA:9,1
DA:10,1
DA:11,1
LF:11
LH:11
BRF:0
BRH:0
end_of_record
TN:
SF:src/rag/embedding.ts
FNF:0
FNH:0
DA:1,1
DA:2,1
DA:3,1
DA:4,1
DA:5,1
DA:6,1
DA:7,1
DA:8,1
DA:9,1
DA:10,1
DA:11,1
DA:12,1
DA:13,1
LF:13
LH:13
BRF:0
BRH:0
end_of_record
TN:
SF:src/rag/retrieval-low-latency.ts
FN:37,__vite_ssr_import_0__.z.object.refine.path
FNF:1
FNH:1
FNDA:2,__vite_ssr_import_0__.z.object.refine.path
DA:1,1
DA:2,1
DA:3,1
DA:4,1
DA:5,1
DA:6,1
DA:7,1
DA:8,1
DA:9,1
DA:10,1
DA:11,1
DA:12,1
DA:13,1
DA:14,1
DA:15,1
DA:16,1
DA:17,1
DA:18,1
DA:19,1
DA:20,1
DA:21,1
DA:22,1
DA:23,1
DA:24,1
DA:25,1
DA:26,1
DA:27,1
DA:28,1
DA:29,1
DA:30,1
DA:31,1
DA:32,1
DA:33,1
DA:34,1
DA:35,1
DA:36,1
DA:37,1
DA:38,1
DA:39,1
DA:40,1
DA:41,1
DA:42,1
DA:43,1
DA:44,1
DA:45,1
DA:46,1
DA:47,1
DA:48,1
DA:49,1
DA:50,1
DA:51,1
DA:52,1
DA:53,1
DA:54,1
DA:55,1
DA:56,1
DA:57,1
DA:58,1
DA:59,1
DA:60,1
DA:61,1
DA:62,1
DA:63,1
DA:64,1
DA:65,1
DA:66,1
DA:67,1
DA:68,1
DA:69,1
DA:70,1
DA:71,1
DA:72,1
DA:73,1
DA:74,1
DA:75,1
DA:76,1
DA:77,1
DA:78,1
DA:79,1
DA:80,1
DA:81,1
DA:82,1
DA:83,1
DA:84,1
DA:85,1
DA:86,1
DA:87,1
LF:87
LH:87
BRDA:37,0,0,2
BRF:1
BRH:1
end_of_record
TN:
SF:src/rag/retrieval.ts
FNF:0
FNH:0
DA:1,1
DA:2,1
DA:3,1
DA:4,1
DA:5,1
DA:6,1
DA:7,1
DA:8,1
DA:9,1
DA:10,1
DA:11,1
DA:12,1
DA:13,1
DA:14,1
DA:15,1
DA:16,1
DA:17,1
DA:18,1
DA:19,1
DA:20,1
DA:21,1
DA:22,1
DA:23,1
DA:24,1
LF:24
LH:24
BRF:0
BRH:0
end_of_record
TN:
SF:src/system/change-proposal.ts
FNF:0
FNH:0
DA:1,1
DA:2,1
DA:3,1
DA:4,1
DA:5,1
DA:6,1
DA:7,1
DA:8,1
DA:9,1
DA:10,1
DA:11,1
DA:12,1
DA:13,1
DA:14,1
DA:15,1
DA:16,1
DA:17,1
LF:17
LH:17
BRF:0
BRH:0
end_of_record
TN:
SF:src/system/error.ts
FNF:0
FNH:0
DA:1,1
DA:2,1
DA:3,1
DA:4,1
DA:5,1
DA:6,1
DA:7,1
DA:8,1
DA:9,1
DA:10,1
DA:11,1
LF:11
LH:11
BRF:0
BRH:0
end_of_record
TN:
SF:src/system/permission.ts
FNF:0
FNH:0
DA:1,1
DA:2,1
DA:3,1
DA:4,1
DA:5,1
DA:6,1
DA:7,1
DA:8,1
DA:9,1
DA:10,1
DA:11,1
DA:12,1
DA:13,1
LF:13
LH:13
BRF:0
BRH:0
end_of_record
TN:
SF:src/system/session.ts
FNF:0
FNH:0
DA:1,1
DA:2,1
DA:3,1
DA:4,1
DA:5,1
DA:6,1
DA:7,1
DA:8,1
DA:9,1
DA:10,1
DA:11,1
DA:12,1
DA:13,1
LF:13
LH:13
BRF:0
BRH:0
end_of_record
TN:
SF:src/system/state-change-event.ts
FNF:0
FNH:0
DA:1,1
DA:2,1
DA:3,1
DA:4,1
DA:5,1
DA:6,1
DA:7,1
DA:8,1
DA:9,1
DA:10,1
DA:11,1
DA:12,1
DA:13,1
DA:14,1
DA:15,1
DA:16,1
LF:16
LH:16
BRF:0
BRH:0
end_of_record
TN:
SF:src/system/user.ts
FNF:0
FNH:0
DA:1,1
DA:2,1
DA:3,1
DA:4,1
DA:5,1
DA:6,1
DA:7,1
DA:8,1
DA:9,1
DA:10,1
DA:11,1
DA:12,1
DA:13,1
LF:13
LH:13
BRF:0
BRH:0
end_of_record
TN:
SF:src/system/env/extensions-env.schema.ts
FN:9,toBool
FN:25,parseExtensionsEnv
FNF:2
FNH:2
FNDA:13,toBool
FNDA:13,parseExtensionsEnv
DA:1,1
DA:2,1
DA:3,1
DA:4,1
DA:5,1
DA:6,1
DA:7,1
DA:8,1
DA:9,1
DA:10,13
DA:11,13
DA:12,13
DA:13,1
DA:14,1
DA:15,1
DA:16,1
DA:17,1
DA:18,1
DA:19,1
DA:20,1
DA:21,1
DA:22,1
DA:23,1
DA:24,1
DA:25,1
DA:26,13
DA:27,13
DA:28,13
DA:29,13
DA:30,13
DA:31,13
LF:31
LH:31
BRDA:9,0,0,13
BRDA:10,1,0,0
BRDA:11,2,0,12
BRDA:11,3,0,10
BRDA:11,4,0,9
BRDA:11,5,0,8
BRDA:11,6,0,7
BRDA:19,7,0,13
BRDA:19,8,0,1
BRDA:25,9,0,13
BRF:10
BRH:9
end_of_record
TN:
SF:src/system/env/extensions-runtime-env.schema.ts
FN:3,toBool
FN:16,parseExtensionsRuntimeEnv
FNF:2
FNH:2
FNDA:11,toBool
FNDA:11,parseExtensionsRuntimeEnv
DA:1,1
DA:2,1
DA:3,1
DA:4,11
DA:5,11
DA:6,11
DA:7,1
DA:8,1
DA:9,1
DA:10,1
DA:11,1
DA:12,1
DA:13,1
DA:14,1
DA:15,1
DA:16,1
DA:17,11
DA:18,11
DA:19,11
DA:20,11
DA:21,11
LF:21
LH:21
BRDA:3,0,0,11
BRDA:4,1,0,0
BRDA:5,2,0,10
BRDA:5,3,0,9
BRDA:5,4,0,8
BRDA:10,5,0,11
BRDA:10,6,0,1
BRDA:16,7,0,11
BRF:8
BRH:7
end_of_record
TN:
SF:src/system/extensions/extension-manifest.schema.ts
FNF:0
FNH:0
DA:1,1
DA:2,1
DA:3,1
DA:4,1
DA:5,1
DA:6,1
DA:7,1
DA:8,1
DA:9,1
DA:10,1
DA:11,1
DA:12,1
DA:13,1
DA:14,1
DA:15,1
DA:16,1
DA:17,1
DA:18,1
DA:19,1
DA:20,1
DA:21,1
DA:22,1
DA:23,1
DA:24,1
DA:25,1
DA:26,1
DA:27,1
DA:28,1
DA:29,1
DA:30,1
DA:31,1
DA:32,1
DA:33,1
DA:34,1
DA:35,1
DA:36,1
DA:37,1
DA:38,1
DA:39,1
DA:40,1
DA:41,1
DA:42,1
DA:43,1
DA:44,1
DA:45,1
DA:46,1
DA:47,1
DA:48,1
DA:49,1
DA:50,1
DA:51,1
DA:52,1
DA:53,1
DA:54,1
DA:55,1
DA:56,1
DA:57,1
DA:58,1
DA:59,1
DA:60,1
DA:61,1
DA:62,1
DA:63,1
DA:64,1
DA:65,1
DA:66,1
DA:67,1
DA:68,1
DA:69,1
DA:70,1
DA:71,1
DA:72,1
DA:73,1
DA:74,1
DA:75,1
DA:76,1
DA:77,1
DA:78,1
DA:79,1
DA:80,1
DA:81,1
DA:82,1
DA:83,1
DA:84,1
DA:85,1
DA:86,1
DA:87,1
DA:88,1
DA:89,1
DA:90,1
DA:91,1
DA:92,1
DA:93,1
DA:94,1
DA:95,1
LF:95
LH:95
BRF:0
BRH:0
end_of_record
TN:
SF:src/system/extensions/extension-registration-config.schema.ts
FNF:0
FNH:0
DA:1,1
DA:2,1
DA:3,1
DA:4,1
DA:5,1
DA:6,1
DA:7,1
DA:8,1
DA:9,1
DA:10,1
DA:11,1
DA:12,1
DA:13,1
DA:14,1
DA:15,1
DA:16,1
DA:17,1
DA:18,1
DA:19,1
DA:20,1
DA:21,1
DA:22,1
DA:23,1
DA:24,1
DA:25,1
DA:26,1
DA:27,1
DA:28,1
DA:29,1
DA:30,1
DA:31,1
DA:32,1
DA:33,1
DA:34,1
DA:35,1
DA:36,1
DA:37,1
DA:38,1
DA:39,1
DA:40,1
DA:41,1
DA:42,1
DA:43,1
LF:43
LH:43
BRF:0
BRH:0
end_of_record
TN:
SF:src/system/extensions/state-transaction.schema.ts
FN:14,__vite_ssr_import_0__.z.object.strict.refine.message
FNF:1
FNH:1
FNDA:5,__vite_ssr_import_0__.z.object.strict.refine.message
DA:1,1
DA:2,1
DA:3,1
DA:4,1
DA:5,1
DA:6,1
DA:7,1
DA:8,1
DA:9,1
DA:10,1
DA:11,1
DA:12,1
DA:13,1
DA:14,1
DA:15,5
DA:16,5
DA:17,2
DA:18,5
DA:19,1
DA:20,1
DA:21,1
DA:22,1
DA:23,1
DA:24,1
DA:25,1
DA:26,1
DA:27,1
DA:28,1
DA:29,1
DA:30,1
DA:31,1
DA:32,1
LF:32
LH:32
BRDA:14,0,0,5
BRDA:15,1,0,2
BRDA:15,2,0,3
BRDA:16,3,0,1
BRDA:16,4,0,2
BRF:5
BRH:5
end_of_record
# << END packages/schemas/coverage/lcov.info